     1 00000000                                 [FORMAT "WCOFF"]
     2 00000000                                 [INSTRSET "i486p"]
     3 00000000                                 [OPTIMIZE 1]
     4 00000000                                 [OPTION 1]
     5 00000000                                 [BITS 32]
     6 00000000                                 	EXTERN	_hankaku
     7 00000000                                 	EXTERN	_io_load_eflags
     8 00000000                                 	EXTERN	_io_cli
     9 00000000                                 	EXTERN	_io_out8
    10 00000000                                 	EXTERN	_io_store_eflags
    11 00000000                                 [FILE "graphic.c"]
    12                                          [SECTION .text]
    13 00000000                                 	GLOBAL	_putfonts8_asc
    14 00000000                                 _putfonts8_asc:
    15 00000000 55                              	PUSH	EBP
    16 00000001 89 E5                           	MOV	EBP,ESP
    17 00000003 57                              	PUSH	EDI
    18 00000004 56                              	PUSH	ESI
    19 00000005 53                              	PUSH	EBX
    20 00000006 50                              	PUSH	EAX
    21 00000007 8B 5D 1C                        	MOV	EBX,DWORD [28+EBP]
    22 0000000A 8A 45 18                        	MOV	AL,BYTE [24+EBP]
    23 0000000D 88 45 F3                        	MOV	BYTE [-13+EBP],AL
    24 00000010 8B 75 10                        	MOV	ESI,DWORD [16+EBP]
    25 00000013 8B 7D 14                        	MOV	EDI,DWORD [20+EBP]
    26 00000016 80 3B 00                        	CMP	BYTE [EBX],0
    27 00000019 75 08                           	JNE	L5
    28 0000001B                                 L7:
    29 0000001B 8D 65 F4                        	LEA	ESP,DWORD [-12+EBP]
    30 0000001E 5B                              	POP	EBX
    31 0000001F 5E                              	POP	ESI
    32 00000020 5F                              	POP	EDI
    33 00000021 5D                              	POP	EBP
    34 00000022 C3                              	RET
    35 00000023                                 L5:
    36 00000023 0F B6 03                        	MOVZX	EAX,BYTE [EBX]
    37 00000026 C1 E0 04                        	SAL	EAX,4
    38 00000029 43                              	INC	EBX
    39 0000002A 05 [00000000]                   	ADD	EAX,_hankaku
    40 0000002F 50                              	PUSH	EAX
    41 00000030 0F BE 45 F3                     	MOVSX	EAX,BYTE [-13+EBP]
    42 00000034 50                              	PUSH	EAX
    43 00000035 57                              	PUSH	EDI
    44 00000036 56                              	PUSH	ESI
    45 00000037 83 C6 08                        	ADD	ESI,8
    46 0000003A FF 75 0C                        	PUSH	DWORD [12+EBP]
    47 0000003D FF 75 08                        	PUSH	DWORD [8+EBP]
    48 00000040 E8 0000000A                     	CALL	_putfont8
    49 00000045 83 C4 18                        	ADD	ESP,24
    50 00000048 80 3B 00                        	CMP	BYTE [EBX],0
    51 0000004B 75 D6                           	JNE	L5
    52 0000004D EB CC                           	JMP	L7
    53 0000004F                                 	GLOBAL	_putfont8
    54 0000004F                                 _putfont8:
    55 0000004F 55                              	PUSH	EBP
    56 00000050 89 E5                           	MOV	EBP,ESP
    57 00000052 57                              	PUSH	EDI
    58 00000053 56                              	PUSH	ESI
    59 00000054 31 F6                           	XOR	ESI,ESI
    60 00000056 53                              	PUSH	EBX
    61 00000057 51                              	PUSH	ECX
    62 00000058 8B 7D 1C                        	MOV	EDI,DWORD [28+EBP]
    63 0000005B 8A 5D 18                        	MOV	BL,BYTE [24+EBP]
    64 0000005E                                 L21:
    65 0000005E 8B 45 14                        	MOV	EAX,DWORD [20+EBP]
    66 00000061 8A 14 3E                        	MOV	DL,BYTE [ESI+EDI*1]
    67 00000064 01 F0                           	ADD	EAX,ESI
    68 00000066 0F AF 45 0C                     	IMUL	EAX,DWORD [12+EBP]
    69 0000006A 03 45 08                        	ADD	EAX,DWORD [8+EBP]
    70 0000006D 89 C1                           	MOV	ECX,EAX
    71 0000006F 03 4D 10                        	ADD	ECX,DWORD [16+EBP]
    72 00000072 84 D2                           	TEST	DL,DL
    73 00000074 79 02                           	JNS	L13
    74 00000076 88 19                           	MOV	BYTE [ECX],BL
    75 00000078                                 L13:
    76 00000078 88 D0                           	MOV	AL,DL
    77 0000007A 83 E0 40                        	AND	EAX,64
    78 0000007D 84 C0                           	TEST	AL,AL
    79 0000007F 74 03                           	JE	L14
    80 00000081 88 59 01                        	MOV	BYTE [1+ECX],BL
    81 00000084                                 L14:
    82 00000084 88 D0                           	MOV	AL,DL
    83 00000086 83 E0 20                        	AND	EAX,32
    84 00000089 84 C0                           	TEST	AL,AL
    85 0000008B 74 03                           	JE	L15
    86 0000008D 88 59 02                        	MOV	BYTE [2+ECX],BL
    87 00000090                                 L15:
    88 00000090 88 D0                           	MOV	AL,DL
    89 00000092 83 E0 10                        	AND	EAX,16
    90 00000095 84 C0                           	TEST	AL,AL
    91 00000097 74 03                           	JE	L16
    92 00000099 88 59 03                        	MOV	BYTE [3+ECX],BL
    93 0000009C                                 L16:
    94 0000009C 88 D0                           	MOV	AL,DL
    95 0000009E 83 E0 08                        	AND	EAX,8
    96 000000A1 84 C0                           	TEST	AL,AL
    97 000000A3 74 03                           	JE	L17
    98 000000A5 88 59 04                        	MOV	BYTE [4+ECX],BL
    99 000000A8                                 L17:
   100 000000A8 88 D0                           	MOV	AL,DL
   101 000000AA 83 E0 04                        	AND	EAX,4
   102 000000AD 84 C0                           	TEST	AL,AL
   103 000000AF 74 03                           	JE	L18
   104 000000B1 88 59 05                        	MOV	BYTE [5+ECX],BL
   105 000000B4                                 L18:
   106 000000B4 88 D0                           	MOV	AL,DL
   107 000000B6 83 E0 02                        	AND	EAX,2
   108 000000B9 84 C0                           	TEST	AL,AL
   109 000000BB 74 03                           	JE	L19
   110 000000BD 88 59 06                        	MOV	BYTE [6+ECX],BL
   111 000000C0                                 L19:
   112 000000C0 83 E2 01                        	AND	EDX,1
   113 000000C3 84 D2                           	TEST	DL,DL
   114 000000C5 74 03                           	JE	L11
   115 000000C7 88 59 07                        	MOV	BYTE [7+ECX],BL
   116 000000CA                                 L11:
   117 000000CA 46                              	INC	ESI
   118 000000CB 83 FE 0F                        	CMP	ESI,15
   119 000000CE 7E 8E                           	JLE	L21
   120 000000D0 5A                              	POP	EDX
   121 000000D1 5B                              	POP	EBX
   122 000000D2 5E                              	POP	ESI
   123 000000D3 5F                              	POP	EDI
   124 000000D4 5D                              	POP	EBP
   125 000000D5 C3                              	RET
   126 000000D6                                 	GLOBAL	_init_screen8
   127 000000D6                                 _init_screen8:
   128 000000D6 55                              	PUSH	EBP
   129 000000D7 89 E5                           	MOV	EBP,ESP
   130 000000D9 57                              	PUSH	EDI
   131 000000DA 56                              	PUSH	ESI
   132 000000DB 53                              	PUSH	EBX
   133 000000DC 83 EC 0C                        	SUB	ESP,12
   134 000000DF 8B 45 10                        	MOV	EAX,DWORD [16+EBP]
   135 000000E2 8B 7D 0C                        	MOV	EDI,DWORD [12+EBP]
   136 000000E5 83 E8 1D                        	SUB	EAX,29
   137 000000E8 4F                              	DEC	EDI
   138 000000E9 50                              	PUSH	EAX
   139 000000EA 57                              	PUSH	EDI
   140 000000EB 6A 00                           	PUSH	0
   141 000000ED 6A 00                           	PUSH	0
   142 000000EF 6A 0E                           	PUSH	14
   143 000000F1 FF 75 0C                        	PUSH	DWORD [12+EBP]
   144 000000F4 FF 75 08                        	PUSH	DWORD [8+EBP]
   145 000000F7 E8 00000165                     	CALL	_boxfill8
   146 000000FC 8B 45 10                        	MOV	EAX,DWORD [16+EBP]
   147 000000FF 83 E8 1C                        	SUB	EAX,28
   148 00000102 50                              	PUSH	EAX
   149 00000103 57                              	PUSH	EDI
   150 00000104 50                              	PUSH	EAX
   151 00000105 6A 00                           	PUSH	0
   152 00000107 6A 08                           	PUSH	8
   153 00000109 FF 75 0C                        	PUSH	DWORD [12+EBP]
   154 0000010C FF 75 08                        	PUSH	DWORD [8+EBP]
   155 0000010F E8 0000014D                     	CALL	_boxfill8
   156 00000114 8B 45 10                        	MOV	EAX,DWORD [16+EBP]
   157 00000117 83 C4 38                        	ADD	ESP,56
   158 0000011A 83 E8 1B                        	SUB	EAX,27
   159 0000011D 50                              	PUSH	EAX
   160 0000011E 57                              	PUSH	EDI
   161 0000011F 50                              	PUSH	EAX
   162 00000120 6A 00                           	PUSH	0
   163 00000122 6A 07                           	PUSH	7
   164 00000124 FF 75 0C                        	PUSH	DWORD [12+EBP]
   165 00000127 FF 75 08                        	PUSH	DWORD [8+EBP]
   166 0000012A E8 00000132                     	CALL	_boxfill8
   167 0000012F 8B 45 10                        	MOV	EAX,DWORD [16+EBP]
   168 00000132 48                              	DEC	EAX
   169 00000133 50                              	PUSH	EAX
   170 00000134 8B 45 10                        	MOV	EAX,DWORD [16+EBP]
   171 00000137 57                              	PUSH	EDI
   172 00000138 83 E8 1A                        	SUB	EAX,26
   173 0000013B 50                              	PUSH	EAX
   174 0000013C 6A 00                           	PUSH	0
   175 0000013E 6A 08                           	PUSH	8
   176 00000140 FF 75 0C                        	PUSH	DWORD [12+EBP]
   177 00000143 FF 75 08                        	PUSH	DWORD [8+EBP]
   178 00000146 E8 00000116                     	CALL	_boxfill8
   179 0000014B 8B 75 10                        	MOV	ESI,DWORD [16+EBP]
   180 0000014E 83 C4 38                        	ADD	ESP,56
   181 00000151 83 EE 18                        	SUB	ESI,24
   182 00000154 56                              	PUSH	ESI
   183 00000155 6A 3B                           	PUSH	59
   184 00000157 56                              	PUSH	ESI
   185 00000158 6A 03                           	PUSH	3
   186 0000015A 6A 07                           	PUSH	7
   187 0000015C FF 75 0C                        	PUSH	DWORD [12+EBP]
   188 0000015F FF 75 08                        	PUSH	DWORD [8+EBP]
   189 00000162 E8 000000FA                     	CALL	_boxfill8
   190 00000167 8B 45 10                        	MOV	EAX,DWORD [16+EBP]
   191 0000016A 83 E8 04                        	SUB	EAX,4
   192 0000016D 50                              	PUSH	EAX
   193 0000016E 89 45 F0                        	MOV	DWORD [-16+EBP],EAX
   194 00000171 6A 02                           	PUSH	2
   195 00000173 56                              	PUSH	ESI
   196 00000174 6A 02                           	PUSH	2
   197 00000176 6A 07                           	PUSH	7
   198 00000178 FF 75 0C                        	PUSH	DWORD [12+EBP]
   199 0000017B FF 75 08                        	PUSH	DWORD [8+EBP]
   200 0000017E E8 000000DE                     	CALL	_boxfill8
   201 00000183 83 C4 38                        	ADD	ESP,56
   202 00000186 FF 75 F0                        	PUSH	DWORD [-16+EBP]
   203 00000189 6A 3B                           	PUSH	59
   204 0000018B FF 75 F0                        	PUSH	DWORD [-16+EBP]
   205 0000018E 6A 03                           	PUSH	3
   206 00000190 6A 0F                           	PUSH	15
   207 00000192 FF 75 0C                        	PUSH	DWORD [12+EBP]
   208 00000195 FF 75 08                        	PUSH	DWORD [8+EBP]
   209 00000198 E8 000000C4                     	CALL	_boxfill8
   210 0000019D 8B 45 10                        	MOV	EAX,DWORD [16+EBP]
   211 000001A0 83 E8 05                        	SUB	EAX,5
   212 000001A3 50                              	PUSH	EAX
   213 000001A4 8B 45 10                        	MOV	EAX,DWORD [16+EBP]
   214 000001A7 6A 3B                           	PUSH	59
   215 000001A9 83 E8 17                        	SUB	EAX,23
   216 000001AC 50                              	PUSH	EAX
   217 000001AD 89 45 EC                        	MOV	DWORD [-20+EBP],EAX
   218 000001B0 6A 3B                           	PUSH	59
   219 000001B2 6A 0F                           	PUSH	15
   220 000001B4 FF 75 0C                        	PUSH	DWORD [12+EBP]
   221 000001B7 FF 75 08                        	PUSH	DWORD [8+EBP]
   222 000001BA E8 000000A2                     	CALL	_boxfill8
   223 000001BF 8B 45 10                        	MOV	EAX,DWORD [16+EBP]
   224 000001C2 83 C4 38                        	ADD	ESP,56
   225 000001C5 83 E8 03                        	SUB	EAX,3
   226 000001C8 89 45 E8                        	MOV	DWORD [-24+EBP],EAX
   227 000001CB 50                              	PUSH	EAX
   228 000001CC 6A 3B                           	PUSH	59
   229 000001CE 50                              	PUSH	EAX
   230 000001CF 6A 02                           	PUSH	2
   231 000001D1 6A 00                           	PUSH	0
   232 000001D3 FF 75 0C                        	PUSH	DWORD [12+EBP]
   233 000001D6 FF 75 08                        	PUSH	DWORD [8+EBP]
   234 000001D9 E8 00000083                     	CALL	_boxfill8
   235 000001DE FF 75 E8                        	PUSH	DWORD [-24+EBP]
   236 000001E1 6A 3C                           	PUSH	60
   237 000001E3 56                              	PUSH	ESI
   238 000001E4 6A 3C                           	PUSH	60
   239 000001E6 6A 00                           	PUSH	0
   240 000001E8 FF 75 0C                        	PUSH	DWORD [12+EBP]
   241 000001EB FF 75 08                        	PUSH	DWORD [8+EBP]
   242 000001EE E8 0000006E                     	CALL	_boxfill8
   243 000001F3 8B 7D 0C                        	MOV	EDI,DWORD [12+EBP]
   244 000001F6 83 C4 38                        	ADD	ESP,56
   245 000001F9 8B 5D 0C                        	MOV	EBX,DWORD [12+EBP]
   246 000001FC 83 EB 04                        	SUB	EBX,4
   247 000001FF 83 EF 2F                        	SUB	EDI,47
   248 00000202 56                              	PUSH	ESI
   249 00000203 53                              	PUSH	EBX
   250 00000204 56                              	PUSH	ESI
   251 00000205 57                              	PUSH	EDI
   252 00000206 6A 0F                           	PUSH	15
   253 00000208 FF 75 0C                        	PUSH	DWORD [12+EBP]
   254 0000020B FF 75 08                        	PUSH	DWORD [8+EBP]
   255 0000020E E8 0000004E                     	CALL	_boxfill8
   256 00000213 FF 75 F0                        	PUSH	DWORD [-16+EBP]
   257 00000216 57                              	PUSH	EDI
   258 00000217 FF 75 EC                        	PUSH	DWORD [-20+EBP]
   259 0000021A 57                              	PUSH	EDI
   260 0000021B 6A 0F                           	PUSH	15
   261 0000021D FF 75 0C                        	PUSH	DWORD [12+EBP]
   262 00000220 FF 75 08                        	PUSH	DWORD [8+EBP]
   263 00000223 E8 00000039                     	CALL	_boxfill8
   264 00000228 83 C4 38                        	ADD	ESP,56
   265 0000022B FF 75 E8                        	PUSH	DWORD [-24+EBP]
   266 0000022E 53                              	PUSH	EBX
   267 0000022F FF 75 E8                        	PUSH	DWORD [-24+EBP]
   268 00000232 57                              	PUSH	EDI
   269 00000233 6A 07                           	PUSH	7
   270 00000235 FF 75 0C                        	PUSH	DWORD [12+EBP]
   271 00000238 FF 75 08                        	PUSH	DWORD [8+EBP]
   272 0000023B E8 00000021                     	CALL	_boxfill8
   273 00000240 8B 45 0C                        	MOV	EAX,DWORD [12+EBP]
   274 00000243 FF 75 E8                        	PUSH	DWORD [-24+EBP]
   275 00000246 83 E8 03                        	SUB	EAX,3
   276 00000249 50                              	PUSH	EAX
   277 0000024A 56                              	PUSH	ESI
   278 0000024B 50                              	PUSH	EAX
   279 0000024C 6A 07                           	PUSH	7
   280 0000024E FF 75 0C                        	PUSH	DWORD [12+EBP]
   281 00000251 FF 75 08                        	PUSH	DWORD [8+EBP]
   282 00000254 E8 00000008                     	CALL	_boxfill8
   283 00000259 8D 65 F4                        	LEA	ESP,DWORD [-12+EBP]
   284 0000025C 5B                              	POP	EBX
   285 0000025D 5E                              	POP	ESI
   286 0000025E 5F                              	POP	EDI
   287 0000025F 5D                              	POP	EBP
   288 00000260 C3                              	RET
   289 00000261                                 	GLOBAL	_boxfill8
   290 00000261                                 _boxfill8:
   291 00000261 55                              	PUSH	EBP
   292 00000262 89 E5                           	MOV	EBP,ESP
   293 00000264 57                              	PUSH	EDI
   294 00000265 56                              	PUSH	ESI
   295 00000266 53                              	PUSH	EBX
   296 00000267 57                              	PUSH	EDI
   297 00000268 57                              	PUSH	EDI
   298 00000269 8A 45 10                        	MOV	AL,BYTE [16+EBP]
   299 0000026C 8B 4D 18                        	MOV	ECX,DWORD [24+EBP]
   300 0000026F 8B 7D 1C                        	MOV	EDI,DWORD [28+EBP]
   301 00000272 88 45 F3                        	MOV	BYTE [-13+EBP],AL
   302 00000275 3B 4D 20                        	CMP	ECX,DWORD [32+EBP]
   303 00000278 7F 31                           	JG	L37
   304 0000027A 8B 5D 0C                        	MOV	EBX,DWORD [12+EBP]
   305 0000027D 0F AF D9                        	IMUL	EBX,ECX
   306 00000280                                 L35:
   307 00000280 8B 55 14                        	MOV	EDX,DWORD [20+EBP]
   308 00000283 39 FA                           	CMP	EDX,EDI
   309 00000285 7F 1B                           	JG	L39
   310 00000287 8B 75 08                        	MOV	ESI,DWORD [8+EBP]
   311 0000028A 01 DE                           	ADD	ESI,EBX
   312 0000028C 01 D6                           	ADD	ESI,EDX
   313 0000028E 89 75 EC                        	MOV	DWORD [-20+EBP],ESI
   314 00000291                                 L34:
   315 00000291 8B 75 EC                        	MOV	ESI,DWORD [-20+EBP]
   316 00000294 8A 45 F3                        	MOV	AL,BYTE [-13+EBP]
   317 00000297 42                              	INC	EDX
   318 00000298 88 06                           	MOV	BYTE [ESI],AL
   319 0000029A 46                              	INC	ESI
   320 0000029B 89 75 EC                        	MOV	DWORD [-20+EBP],ESI
   321 0000029E 39 FA                           	CMP	EDX,EDI
   322 000002A0 7E EF                           	JLE	L34
   323 000002A2                                 L39:
   324 000002A2 41                              	INC	ECX
   325 000002A3 03 5D 0C                        	ADD	EBX,DWORD [12+EBP]
   326 000002A6 3B 4D 20                        	CMP	ECX,DWORD [32+EBP]
   327 000002A9 7E D5                           	JLE	L35
   328 000002AB                                 L37:
   329 000002AB 5B                              	POP	EBX
   330 000002AC 5E                              	POP	ESI
   331 000002AD 5B                              	POP	EBX
   332 000002AE 5E                              	POP	ESI
   333 000002AF 5F                              	POP	EDI
   334 000002B0 5D                              	POP	EBP
   335 000002B1 C3                              	RET
   336                                          [SECTION .data]
   337 00000000                                 _table_rgb.0:
   338 00000000 00                              	DB	0
   339 00000001 00                              	DB	0
   340 00000002 00                              	DB	0
   341 00000003 FF                              	DB	-1
   342 00000004 00                              	DB	0
   343 00000005 00                              	DB	0
   344 00000006 00                              	DB	0
   345 00000007 FF                              	DB	-1
   346 00000008 00                              	DB	0
   347 00000009 FF                              	DB	-1
   348 0000000A FF                              	DB	-1
   349 0000000B 00                              	DB	0
   350 0000000C 00                              	DB	0
   351 0000000D 00                              	DB	0
   352 0000000E FF                              	DB	-1
   353 0000000F FF                              	DB	-1
   354 00000010 00                              	DB	0
   355 00000011 FF                              	DB	-1
   356 00000012 00                              	DB	0
   357 00000013 FF                              	DB	-1
   358 00000014 FF                              	DB	-1
   359 00000015 FF                              	DB	-1
   360 00000016 FF                              	DB	-1
   361 00000017 FF                              	DB	-1
   362 00000018 C6                              	DB	-58
   363 00000019 C6                              	DB	-58
   364 0000001A C6                              	DB	-58
   365 0000001B 84                              	DB	-124
   366 0000001C 00                              	DB	0
   367 0000001D 00                              	DB	0
   368 0000001E 00                              	DB	0
   369 0000001F 84                              	DB	-124
   370 00000020 00                              	DB	0
   371 00000021 84                              	DB	-124
   372 00000022 84                              	DB	-124
   373 00000023 00                              	DB	0
   374 00000024 00                              	DB	0
   375 00000025 00                              	DB	0
   376 00000026 84                              	DB	-124
   377 00000027 84                              	DB	-124
   378 00000028 00                              	DB	0
   379 00000029 84                              	DB	-124
   380 0000002A 00                              	DB	0
   381 0000002B 84                              	DB	-124
   382 0000002C 84                              	DB	-124
   383 0000002D 84                              	DB	-124
   384 0000002E 84                              	DB	-124
   385 0000002F 84                              	DB	-124
   386                                          [SECTION .text]
   387 000002B2                                 	GLOBAL	_init_palette
   388 000002B2                                 _init_palette:
   389 000002B2 55                              	PUSH	EBP
   390 000002B3 89 E5                           	MOV	EBP,ESP
   391 000002B5 68 [00000000]                   	PUSH	_table_rgb.0
   392 000002BA 6A 0F                           	PUSH	15
   393 000002BC 6A 00                           	PUSH	0
   394 000002BE E8 00000002                     	CALL	_set_palette
   395 000002C3 C9                              	LEAVE
   396 000002C4 C3                              	RET
   397 000002C5                                 	GLOBAL	_set_palette
   398 000002C5                                 _set_palette:
   399 000002C5 55                              	PUSH	EBP
   400 000002C6 89 E5                           	MOV	EBP,ESP
   401 000002C8 57                              	PUSH	EDI
   402 000002C9 56                              	PUSH	ESI
   403 000002CA 53                              	PUSH	EBX
   404 000002CB 51                              	PUSH	ECX
   405 000002CC 8B 5D 08                        	MOV	EBX,DWORD [8+EBP]
   406 000002CF 8B 7D 0C                        	MOV	EDI,DWORD [12+EBP]
   407 000002D2 8B 75 10                        	MOV	ESI,DWORD [16+EBP]
   408 000002D5 E8 [00000000]                   	CALL	_io_load_eflags
   409 000002DA 89 45 F0                        	MOV	DWORD [-16+EBP],EAX
   410 000002DD E8 [00000000]                   	CALL	_io_cli
   411 000002E2 53                              	PUSH	EBX
   412 000002E3 68 000003C8                     	PUSH	968
   413 000002E8 E8 [00000000]                   	CALL	_io_out8
   414 000002ED 39 FB                           	CMP	EBX,EDI
   415 000002EF 58                              	POP	EAX
   416 000002F0 5A                              	POP	EDX
   417 000002F1 7E 12                           	JLE	L46
   418 000002F3                                 L48:
   419 000002F3 8B 45 F0                        	MOV	EAX,DWORD [-16+EBP]
   420 000002F6 89 45 08                        	MOV	DWORD [8+EBP],EAX
   421 000002F9 8D 65 F4                        	LEA	ESP,DWORD [-12+EBP]
   422 000002FC 5B                              	POP	EBX
   423 000002FD 5E                              	POP	ESI
   424 000002FE 5F                              	POP	EDI
   425 000002FF 5D                              	POP	EBP
   426 00000300 E9 [00000000]                   	JMP	_io_store_eflags
   427 00000305                                 L46:
   428 00000305 8A 06                           	MOV	AL,BYTE [ESI]
   429 00000307 43                              	INC	EBX
   430 00000308 C0 E8 02                        	SHR	AL,2
   431 0000030B 0F B6 C0                        	MOVZX	EAX,AL
   432 0000030E 50                              	PUSH	EAX
   433 0000030F 68 000003C9                     	PUSH	969
   434 00000314 E8 [00000000]                   	CALL	_io_out8
   435 00000319 8A 46 01                        	MOV	AL,BYTE [1+ESI]
   436 0000031C C0 E8 02                        	SHR	AL,2
   437 0000031F 0F B6 C0                        	MOVZX	EAX,AL
   438 00000322 50                              	PUSH	EAX
   439 00000323 68 000003C9                     	PUSH	969
   440 00000328 E8 [00000000]                   	CALL	_io_out8
   441 0000032D 8A 46 02                        	MOV	AL,BYTE [2+ESI]
   442 00000330 C0 E8 02                        	SHR	AL,2
   443 00000333 83 C6 03                        	ADD	ESI,3
   444 00000336 0F B6 C0                        	MOVZX	EAX,AL
   445 00000339 50                              	PUSH	EAX
   446 0000033A 68 000003C9                     	PUSH	969
   447 0000033F E8 [00000000]                   	CALL	_io_out8
   448 00000344 83 C4 18                        	ADD	ESP,24
   449 00000347 39 FB                           	CMP	EBX,EDI
   450 00000349 7E BA                           	JLE	L46
   451 0000034B EB A6                           	JMP	L48
   452                                          [SECTION .data]
   453 00000030                                 _cursor.1:
   454 00000030 2A 2A 2A 2A 2A 2A 2A 2A 2A 2A   	DB	"**************.."
       0000003A 2A 2A 2A 2A 2E 2E 
   455 00000040 2A 4F 4F 4F 4F 4F 4F 4F 4F 4F   	DB	"*OOOOOOOOOOO*..."
       0000004A 4F 4F 2A 2E 2E 2E 
   456 00000050 2A 4F 4F 4F 4F 4F 4F 4F 4F 4F   	DB	"*OOOOOOOOOO*...."
       0000005A 4F 2A 2E 2E 2E 2E 
   457 00000060 2A 4F 4F 4F 4F 4F 4F 4F 4F 4F   	DB	"*OOOOOOOOO*....."
       0000006A 2A 2E 2E 2E 2E 2E 
   458 00000070 2A 4F 4F 4F 4F 4F 4F 4F 4F 2A   	DB	"*OOOOOOOO*......"
       0000007A 2E 2E 2E 2E 2E 2E 
   459 00000080 2A 4F 4F 4F 4F 4F 4F 4F 2A 2E   	DB	"*OOOOOOO*......."
       0000008A 2E 2E 2E 2E 2E 2E 
   460 00000090 2A 4F 4F 4F 4F 4F 4F 4F 2A 2E   	DB	"*OOOOOOO*......."
       0000009A 2E 2E 2E 2E 2E 2E 
   461 000000A0 2A 4F 4F 4F 4F 4F 4F 4F 4F 2A   	DB	"*OOOOOOOO*......"
       000000AA 2E 2E 2E 2E 2E 2E 
   462 000000B0 2A 4F 4F 4F 4F 2A 2A 4F 4F 4F   	DB	"*OOOO**OOO*....."
       000000BA 2A 2E 2E 2E 2E 2E 
   463 000000C0 2A 4F 4F 4F 2A 2E 2E 2A 4F 4F   	DB	"*OOO*..*OOO*...."
       000000CA 4F 2A 2E 2E 2E 2E 
   464 000000D0 2A 4F 4F 2A 2E 2E 2E 2E 2A 4F   	DB	"*OO*....*OOO*..."
       000000DA 4F 4F 2A 2E 2E 2E 
   465 000000E0 2A 4F 2A 2E 2E 2E 2E 2E 2E 2A   	DB	"*O*......*OOO*.."
       000000EA 4F 4F 4F 2A 2E 2E 
   466 000000F0 2A 2A 2E 2E 2E 2E 2E 2E 2E 2E   	DB	"**........*OOO*."
       000000FA 2A 4F 4F 4F 2A 2E 
   467 00000100 2A 2E 2E 2E 2E 2E 2E 2E 2E 2E   	DB	"*..........*OOO*"
       0000010A 2E 2A 4F 4F 4F 2A 
   468 00000110 2E 2E 2E 2E 2E 2E 2E 2E 2E 2E   	DB	"............*OO*"
       0000011A 2E 2E 2A 4F 4F 2A 
   469 00000120 2E 2E 2E 2E 2E 2E 2E 2E 2E 2E   	DB	".............***"
       0000012A 2E 2E 2E 2A 2A 2A 
   470                                          [SECTION .text]
   471 0000034D                                 	GLOBAL	_init_mouse_cursor8
   472 0000034D                                 _init_mouse_cursor8:
   473 0000034D 55                              	PUSH	EBP
   474 0000034E 89 E5                           	MOV	EBP,ESP
   475 00000350 57                              	PUSH	EDI
   476 00000351 56                              	PUSH	ESI
   477 00000352 31 FF                           	XOR	EDI,EDI
   478 00000354 53                              	PUSH	EBX
   479 00000355 56                              	PUSH	ESI
   480 00000356 31 DB                           	XOR	EBX,EBX
   481 00000358 8A 45 0C                        	MOV	AL,BYTE [12+EBP]
   482 0000035B 8B 75 08                        	MOV	ESI,DWORD [8+EBP]
   483 0000035E 88 45 F3                        	MOV	BYTE [-13+EBP],AL
   484 00000361                                 L62:
   485 00000361 31 D2                           	XOR	EDX,EDX
   486 00000363                                 L61:
   487 00000363 8D 04 3A                        	LEA	EAX,DWORD [EDX+EDI*1]
   488 00000366 80 B8 [00000030] 2A             	CMP	BYTE [_cursor.1+EAX],42
   489 0000036D 74 35                           	JE	L67
   490 0000036F                                 L58:
   491 0000036F 80 B8 [00000030] 4F             	CMP	BYTE [_cursor.1+EAX],79
   492 00000376 74 26                           	JE	L68
   493 00000378                                 L59:
   494 00000378 80 B8 [00000030] 2E             	CMP	BYTE [_cursor.1+EAX],46
   495 0000037F 74 15                           	JE	L69
   496 00000381                                 L56:
   497 00000381 42                              	INC	EDX
   498 00000382 83 FA 0F                        	CMP	EDX,15
   499 00000385 7E DC                           	JLE	L61
   500 00000387 43                              	INC	EBX
   501 00000388 83 C7 10                        	ADD	EDI,16
   502 0000038B 83 FB 0F                        	CMP	EBX,15
   503 0000038E 7E D1                           	JLE	L62
   504 00000390 5B                              	POP	EBX
   505 00000391 5B                              	POP	EBX
   506 00000392 5E                              	POP	ESI
   507 00000393 5F                              	POP	EDI
   508 00000394 5D                              	POP	EBP
   509 00000395 C3                              	RET
   510 00000396                                 L69:
   511 00000396 8A 4D F3                        	MOV	CL,BYTE [-13+EBP]
   512 00000399 88 0C 30                        	MOV	BYTE [EAX+ESI*1],CL
   513 0000039C EB E3                           	JMP	L56
   514 0000039E                                 L68:
   515 0000039E C6 04 30 07                     	MOV	BYTE [EAX+ESI*1],7
   516 000003A2 EB D4                           	JMP	L59
   517 000003A4                                 L67:
   518 000003A4 C6 04 30 00                     	MOV	BYTE [EAX+ESI*1],0
   519 000003A8 EB C5                           	JMP	L58
   520 000003AA                                 	GLOBAL	_putblock8_8
   521 000003AA                                 _putblock8_8:
   522 000003AA 55                              	PUSH	EBP
   523 000003AB 89 E5                           	MOV	EBP,ESP
   524 000003AD 57                              	PUSH	EDI
   525 000003AE 56                              	PUSH	ESI
   526 000003AF 31 F6                           	XOR	ESI,ESI
   527 000003B1 53                              	PUSH	EBX
   528 000003B2 83 EC 0C                        	SUB	ESP,12
   529 000003B5 3B 75 14                        	CMP	ESI,DWORD [20+EBP]
   530 000003B8 7D 3E                           	JGE	L82
   531 000003BA 31 FF                           	XOR	EDI,EDI
   532 000003BC                                 L80:
   533 000003BC 31 DB                           	XOR	EBX,EBX
   534 000003BE 3B 5D 10                        	CMP	EBX,DWORD [16+EBP]
   535 000003C1 7D 2C                           	JGE	L84
   536 000003C3 8B 45 20                        	MOV	EAX,DWORD [32+EBP]
   537 000003C6 01 F8                           	ADD	EAX,EDI
   538 000003C8 89 45 EC                        	MOV	DWORD [-20+EBP],EAX
   539 000003CB                                 L79:
   540 000003CB 8B 45 1C                        	MOV	EAX,DWORD [28+EBP]
   541 000003CE 8B 55 18                        	MOV	EDX,DWORD [24+EBP]
   542 000003D1 01 F0                           	ADD	EAX,ESI
   543 000003D3 01 DA                           	ADD	EDX,EBX
   544 000003D5 0F AF 45 0C                     	IMUL	EAX,DWORD [12+EBP]
   545 000003D9 01 D0                           	ADD	EAX,EDX
   546 000003DB 8B 4D 08                        	MOV	ECX,DWORD [8+EBP]
   547 000003DE 8B 55 EC                        	MOV	EDX,DWORD [-20+EBP]
   548 000003E1 43                              	INC	EBX
   549 000003E2 8A 12                           	MOV	DL,BYTE [EDX]
   550 000003E4 88 14 08                        	MOV	BYTE [EAX+ECX*1],DL
   551 000003E7 FF 45 EC                        	INC	DWORD [-20+EBP]
   552 000003EA 3B 5D 10                        	CMP	EBX,DWORD [16+EBP]
   553 000003ED 7C DC                           	JL	L79
   554 000003EF                                 L84:
   555 000003EF 46                              	INC	ESI
   556 000003F0 03 7D 24                        	ADD	EDI,DWORD [36+EBP]
   557 000003F3 3B 75 14                        	CMP	ESI,DWORD [20+EBP]
   558 000003F6 7C C4                           	JL	L80
   559 000003F8                                 L82:
   560 000003F8 83 C4 0C                        	ADD	ESP,12
   561 000003FB 5B                              	POP	EBX
   562 000003FC 5E                              	POP	ESI
   563 000003FD 5F                              	POP	EDI
   564 000003FE 5D                              	POP	EBP
   565 000003FF C3                              	RET
